2024-06-29 21:07:55,424:ERROR:/Users/chenzhiwei/Downloads/略读论文/C++_En_Inside.The.C++.Object.Model.pdf error!
2024-06-29 21:07:58,897:ERROR:/Users/chenzhiwei/Downloads/略读论文/ATaleofTwoCities_10012357.pdf error!
2024-06-29 21:08:02,750:ERROR:/Users/chenzhiwei/Downloads/略读论文/2402.05391v4.pdf error!
2024-06-29 21:08:04,996:ERROR:/Users/chenzhiwei/Downloads/略读论文/A Practical Guide To Quantitative Finance Interviews (Xinfeng Zhou) (Z-Library).pdf error!
2024-06-29 21:08:14,098:ERROR:/Users/chenzhiwei/Downloads/略读论文/Beginning PyQt A Hands-on Approach to GUI Programming with PyQt6 (Joshua M Willman) (Z-Library).pdf error!
2024-06-29 21:08:18,650:ERROR:/Users/chenzhiwei/Downloads/略读论文/C++ Primer Plus 6th Edition.pdf error!
2024-06-29 21:08:56,448:ERROR:/Users/chenzhiwei/Downloads/略读论文/2city12p.pdf error!
2024-06-29 21:09:03,588:ERROR:/Users/chenzhiwei/Downloads/略读论文/The Linux Command Line - A Complete Introduction.pdf error!
2024-06-29 21:12:42,595:ERROR:/Users/chenzhiwei/Downloads/略读论文/A Practical Guide To Quantitative Finance Interviews (Xinfeng Zhou) (Z-Library).pdf error!
2024-06-29 21:17:11,115:ERROR:/Users/chenzhiwei/Downloads/略读论文/A Practical Guide To Quantitative Finance Interviews (Xinfeng Zhou) (Z-Library).pdf error!
2024-06-29 21:20:19,808:ERROR:/Users/chenzhiwei/Downloads/略读论文/C++_En_Inside.The.C++.Object.Model.pdf error!
2024-06-29 21:20:19,876:ERROR:/Users/chenzhiwei/Downloads/略读论文/2city12p.pdf error!
2024-06-29 21:20:19,946:ERROR:/Users/chenzhiwei/Downloads/略读论文/ATaleofTwoCities_10012357.pdf error!
2024-06-29 21:20:19,959:ERROR:/Users/chenzhiwei/Downloads/略读论文/C++ Primer Plus 6th Edition.pdf error!
2024-06-29 21:20:19,968:ERROR:/Users/chenzhiwei/Downloads/略读论文/2402.05391v4.pdf error!
2024-06-29 21:20:19,999:ERROR:/Users/chenzhiwei/Downloads/略读论文/Beginning PyQt A Hands-on Approach to GUI Programming with PyQt6 (Joshua M Willman) (Z-Library).pdf error!
2024-06-29 21:20:29,732:ERROR:/Users/chenzhiwei/Downloads/略读论文/A Practical Guide To Quantitative Finance Interviews (Xinfeng Zhou) (Z-Library).pdf error!
2024-06-29 21:20:34,664:ERROR:/Users/chenzhiwei/Downloads/略读论文/The Linux Command Line - A Complete Introduction.pdf error!
2024-06-29 21:27:21,823:ERROR:/Users/chenzhiwei/Downloads/略读论文/A Practical Guide To Quantitative Finance Interviews (Xinfeng Zhou) (Z-Library).pdf error!
2024-06-29 21:28:12,038:ERROR:/Users/chenzhiwei/Downloads/略读论文/C++_En_Inside.The.C++.Object.Model.pdf error!
2024-06-29 21:28:12,195:ERROR:/Users/chenzhiwei/Downloads/略读论文/Beginning PyQt A Hands-on Approach to GUI Programming with PyQt6 (Joshua M Willman) (Z-Library).pdf error!
2024-06-29 21:28:12,204:ERROR:/Users/chenzhiwei/Downloads/略读论文/2402.05391v4.pdf error!
2024-06-29 21:28:12,206:ERROR:/Users/chenzhiwei/Downloads/略读论文/ATaleofTwoCities_10012357.pdf error!
2024-06-29 21:28:12,237:ERROR:/Users/chenzhiwei/Downloads/略读论文/C++ Primer Plus 6th Edition.pdf error!
2024-06-29 21:34:43,918:ERROR:/Users/chenzhiwei/Downloads/略读论文/2city12p.pdf error!
2024-06-29 21:34:59,284:ERROR:/Users/chenzhiwei/Downloads/略读论文/The Linux Command Line - A Complete Introduction.pdf error!
2024-06-29 21:56:21,692:ERROR:/Users/chenzhiwei/Downloads/略读论文/C++_En_Inside.The.C++.Object.Model.pdf error!
2024-06-29 21:56:35,836:ERROR:/Users/chenzhiwei/Downloads/略读论文/Beginning PyQt A Hands-on Approach to GUI Programming with PyQt6 (Joshua M Willman) (Z-Library).pdf error!
2024-06-29 21:56:38,103:ERROR:/Users/chenzhiwei/Downloads/略读论文/2402.05391v4.pdf error!
2024-06-29 21:57:03,636:ERROR:/Users/chenzhiwei/Downloads/略读论文/ATaleofTwoCities_10012357.pdf error!
2024-06-29 21:57:23,324:ERROR:/Users/chenzhiwei/Downloads/略读论文/A Practical Guide To Quantitative Finance Interviews (Xinfeng Zhou) (Z-Library).pdf error!
2024-06-29 21:57:25,369:ERROR:/Users/chenzhiwei/Downloads/略读论文/C++ Primer Plus 6th Edition.pdf error!
2024-06-29 21:58:30,887:ERROR:/Users/chenzhiwei/Downloads/略读论文/2city12p.pdf error!
2024-06-29 21:58:38,221:ERROR:/Users/chenzhiwei/Downloads/略读论文/The Linux Command Line - A Complete Introduction.pdf error!
